2020-09-15 08:59:32.888  INFO 14508 --- [main] com.APIGateway.ApiGatewayApplication     : No active profile set, falling back to default profiles: default
2020-09-15 08:59:40.569  WARN 14508 --- [main] o.s.boot.actuate.endpoint.EndpointId     : Endpoint ID 'service-registry' contains invalid characters, please migrate to a valid format.
2020-09-15 08:59:40.959  WARN 14508 --- [main] o.s.boot.actuate.endpoint.EndpointId     : Endpoint ID 'hystrix.stream' contains invalid characters, please migrate to a valid format.
2020-09-15 08:59:42.872  INFO 14508 --- [main] o.s.cloud.context.scope.GenericScope     : BeanFactory id=ce9bdfb3-f090-3ae8-b391-4f986b6c73c5
2020-09-15 08:59:46.657  INFO 14508 --- [main] trationDelegate$BeanPostProcessorChecker : Bean 'org.springframework.cloud.client.loadbalancer.reactive.LoadBalancerBeanPostProcessorAutoConfiguration' of type [org.springframework.cloud.client.loadbalancer.reactive.LoadBalancerBeanPostProcessorAutoConfiguration] is not eligible for getting processed by all BeanPostProcessors (for example: not eligible for auto-proxying)
2020-09-15 08:59:46.664  INFO 14508 --- [main] trationDelegate$BeanPostProcessorChecker : Bean 'org.springframework.cloud.client.loadbalancer.reactive.LoadBalancerBeanPostProcessorAutoConfiguration$ReactiveLoadBalancerConfig' of type [org.springframework.cloud.client.loadbalancer.reactive.LoadBalancerBeanPostProcessorAutoConfiguration$ReactiveLoadBalancerConfig] is not eligible for getting processed by all BeanPostProcessors (for example: not eligible for auto-proxying)
2020-09-15 08:59:46.673  INFO 14508 --- [main] trationDelegate$BeanPostProcessorChecker : Bean 'deferringLoadBalancerExchangeFilterFunction' of type [org.springframework.cloud.client.loadbalancer.reactive.DeferringLoadBalancerExchangeFilterFunction] is not eligible for getting processed by all BeanPostProcessors (for example: not eligible for auto-proxying)
2020-09-15 08:59:48.306  WARN 14508 --- [main] c.n.c.sources.URLConfigurationSource     : No URLs will be polled as dynamic configuration sources.
2020-09-15 08:59:48.313  INFO 14508 --- [main] c.n.c.sources.URLConfigurationSource     : To enable URLs as dynamic configuration sources, define System property archaius.configurationSource.additionalUrls or make config.properties available on classpath.
2020-09-15 08:59:48.336  WARN 14508 --- [main] c.n.c.sources.URLConfigurationSource     : No URLs will be polled as dynamic configuration sources.
2020-09-15 08:59:48.337  INFO 14508 --- [main] c.n.c.sources.URLConfigurationSource     : To enable URLs as dynamic configuration sources, define System property archaius.configurationSource.additionalUrls or make config.properties available on classpath.
2020-09-15 09:00:05.962  INFO 14508 --- [main] o.s.c.g.r.RouteDefinitionRouteLocator    : Loaded RoutePredicateFactory [After]
2020-09-15 09:00:05.964  INFO 14508 --- [main] o.s.c.g.r.RouteDefinitionRouteLocator    : Loaded RoutePredicateFactory [Before]
2020-09-15 09:00:05.964  INFO 14508 --- [main] o.s.c.g.r.RouteDefinitionRouteLocator    : Loaded RoutePredicateFactory [Between]
2020-09-15 09:00:05.964  INFO 14508 --- [main] o.s.c.g.r.RouteDefinitionRouteLocator    : Loaded RoutePredicateFactory [Cookie]
2020-09-15 09:00:05.965  INFO 14508 --- [main] o.s.c.g.r.RouteDefinitionRouteLocator    : Loaded RoutePredicateFactory [Header]
2020-09-15 09:00:05.965  INFO 14508 --- [main] o.s.c.g.r.RouteDefinitionRouteLocator    : Loaded RoutePredicateFactory [Host]
2020-09-15 09:00:05.965  INFO 14508 --- [main] o.s.c.g.r.RouteDefinitionRouteLocator    : Loaded RoutePredicateFactory [Method]
2020-09-15 09:00:05.965  INFO 14508 --- [main] o.s.c.g.r.RouteDefinitionRouteLocator    : Loaded RoutePredicateFactory [Path]
2020-09-15 09:00:05.965  INFO 14508 --- [main] o.s.c.g.r.RouteDefinitionRouteLocator    : Loaded RoutePredicateFactory [Query]
2020-09-15 09:00:05.966  INFO 14508 --- [main] o.s.c.g.r.RouteDefinitionRouteLocator    : Loaded RoutePredicateFactory [ReadBodyPredicateFactory]
2020-09-15 09:00:05.966  INFO 14508 --- [main] o.s.c.g.r.RouteDefinitionRouteLocator    : Loaded RoutePredicateFactory [RemoteAddr]
2020-09-15 09:00:05.966  INFO 14508 --- [main] o.s.c.g.r.RouteDefinitionRouteLocator    : Loaded RoutePredicateFactory [Weight]
2020-09-15 09:00:05.967  INFO 14508 --- [main] o.s.c.g.r.RouteDefinitionRouteLocator    : Loaded RoutePredicateFactory [CloudFoundryRouteService]
2020-09-15 09:00:07.821  INFO 14508 --- [main] o.s.b.a.e.web.EndpointLinksResolver      : Exposing 20 endpoint(s) beneath base path '/actuator'
2020-09-15 09:00:08.946  WARN 14508 --- [main] ockingLoadBalancerClientRibbonWarnLogger : You already have RibbonLoadBalancerClient on your classpath. It will be used by default. As Spring Cloud Ribbon is in maintenance mode. We recommend switching to BlockingLoadBalancerClient instead. In order to use it, set the value of `spring.cloud.loadbalancer.ribbon.enabled` to `false` or remove spring-cloud-starter-netflix-ribbon from your project.
2020-09-15 09:00:08.987  WARN 14508 --- [main] eactorLoadBalancerClientRibbonWarnLogger : You have RibbonLoadBalancerClient on your classpath. LoadBalancerExchangeFilterFunction that uses it under the hood will be used by default. Spring Cloud Ribbon is now in maintenance mode, so we suggest switching to ReactorLoadBalancerExchangeFilterFunction instead. In order to use it, set the value of `spring.cloud.loadbalancer.ribbon.enabled` to `false` or remove spring-cloud-starter-netflix-ribbon from your project.
2020-09-15 09:00:09.210  INFO 14508 --- [main] o.s.c.n.eureka.InstanceInfoFactory       : Setting initial instance status as: STARTING
2020-09-15 09:00:09.459  INFO 14508 --- [main] com.netflix.discovery.DiscoveryClient    : Initializing Eureka in region us-east-1
2020-09-15 09:00:11.695  INFO 14508 --- [main] c.n.d.provider.DiscoveryJerseyProvider   : Using JSON encoding codec LegacyJacksonJson
2020-09-15 09:00:11.696  INFO 14508 --- [main] c.n.d.provider.DiscoveryJerseyProvider   : Using JSON decoding codec LegacyJacksonJson
2020-09-15 09:00:12.170  INFO 14508 --- [main] c.n.d.provider.DiscoveryJerseyProvider   : Using XML encoding codec XStreamXml
2020-09-15 09:00:12.171  INFO 14508 --- [main] c.n.d.provider.DiscoveryJerseyProvider   : Using XML decoding codec XStreamXml
2020-09-15 09:00:12.866  INFO 14508 --- [main] c.n.d.s.r.aws.ConfigClusterResolver      : Resolving eureka endpoints via configuration
2020-09-15 09:00:13.233  INFO 14508 --- [main] com.netflix.discovery.DiscoveryClient    : Disable delta property : false
2020-09-15 09:00:13.233  INFO 14508 --- [main] com.netflix.discovery.DiscoveryClient    : Single vip registry refresh property : null
2020-09-15 09:00:13.234  INFO 14508 --- [main] com.netflix.discovery.DiscoveryClient    : Force full registry fetch : false
2020-09-15 09:00:13.234  INFO 14508 --- [main] com.netflix.discovery.DiscoveryClient    : Application is null : false
2020-09-15 09:00:13.234  INFO 14508 --- [main] com.netflix.discovery.DiscoveryClient    : Registered Applications size is zero : true
2020-09-15 09:00:13.234  INFO 14508 --- [main] com.netflix.discovery.DiscoveryClient    : Application version is -1: true
2020-09-15 09:00:13.235  INFO 14508 --- [main] com.netflix.discovery.DiscoveryClient    : Getting all instance registry info from the eureka server
2020-09-15 09:00:13.659  INFO 14508 --- [main] com.netflix.discovery.DiscoveryClient    : The response status is 200
2020-09-15 09:00:13.667  INFO 14508 --- [main] com.netflix.discovery.DiscoveryClient    : Starting heartbeat executor: renew interval is: 30
2020-09-15 09:00:13.671  INFO 14508 --- [main] c.n.discovery.InstanceInfoReplicator     : InstanceInfoReplicator onDemand update allowed rate per min is 4
2020-09-15 09:00:13.676  INFO 14508 --- [main] com.netflix.discovery.DiscoveryClient    : Discovery Client initialized at timestamp 1600140613674 with initial instances count: 2
2020-09-15 09:00:13.682  INFO 14508 --- [main] o.s.c.n.e.s.EurekaServiceRegistry        : Registering application GATEWAY-SERVICE with eureka with status UP
2020-09-15 09:00:13.685  INFO 14508 --- [main] com.netflix.discovery.DiscoveryClient    : Saw local status change event StatusChangeEvent [timestamp=1600140613685, current=UP, previous=STARTING]
2020-09-15 09:00:13.692  INFO 14508 --- [DiscoveryClient-InstanceInfoReplicator-0] com.netflix.discovery.DiscoveryClient    : DiscoveryClient_GATEWAY-SERVICE/DESKTOP-MAO44G1:gateway-service:8084: registering service...
2020-09-15 09:00:13.850  INFO 14508 --- [DiscoveryClient-InstanceInfoReplicator-0] com.netflix.discovery.DiscoveryClient    : DiscoveryClient_GATEWAY-SERVICE/DESKTOP-MAO44G1:gateway-service:8084 - registration status: 204
2020-09-15 09:00:15.134  INFO 14508 --- [main] o.s.b.web.embedded.netty.NettyWebServer  : Netty started on port(s): 8084
2020-09-15 09:00:15.136  INFO 14508 --- [main] .s.c.n.e.s.EurekaAutoServiceRegistration : Updating port to 8084
2020-09-15 09:00:16.333  INFO 14508 --- [main] com.APIGateway.ApiGatewayApplication     : Started ApiGatewayApplication in 51.879 seconds (JVM running for 55.392)
2020-09-15 09:05:13.275  INFO 14508 --- [AsyncResolver-bootstrap-executor-0] c.n.d.s.r.aws.ConfigClusterResolver      : Resolving eureka endpoints via configuration
2020-09-15 09:10:13.305  INFO 14508 --- [AsyncResolver-bootstrap-executor-0] c.n.d.s.r.aws.ConfigClusterResolver      : Resolving eureka endpoints via configuration
2020-09-15 09:15:13.323  INFO 14508 --- [AsyncResolver-bootstrap-executor-0] c.n.d.s.r.aws.ConfigClusterResolver      : Resolving eureka endpoints via configuration
2020-09-15 09:20:13.332  INFO 14508 --- [AsyncResolver-bootstrap-executor-0] c.n.d.s.r.aws.ConfigClusterResolver      : Resolving eureka endpoints via configuration
2020-09-15 09:57:37.606  INFO 11700 --- [main] com.APIGateway.ApiGatewayApplication     : No active profile set, falling back to default profiles: default
2020-09-15 09:57:42.157  WARN 11700 --- [main] o.s.boot.actuate.endpoint.EndpointId     : Endpoint ID 'service-registry' contains invalid characters, please migrate to a valid format.
2020-09-15 09:57:42.209  WARN 11700 --- [main] o.s.boot.actuate.endpoint.EndpointId     : Endpoint ID 'hystrix.stream' contains invalid characters, please migrate to a valid format.
2020-09-15 09:57:42.675  INFO 11700 --- [main] o.s.cloud.context.scope.GenericScope     : BeanFactory id=ce9bdfb3-f090-3ae8-b391-4f986b6c73c5
2020-09-15 09:57:45.632  INFO 11700 --- [main] trationDelegate$BeanPostProcessorChecker : Bean 'org.springframework.cloud.client.loadbalancer.reactive.LoadBalancerBeanPostProcessorAutoConfiguration' of type [org.springframework.cloud.client.loadbalancer.reactive.LoadBalancerBeanPostProcessorAutoConfiguration] is not eligible for getting processed by all BeanPostProcessors (for example: not eligible for auto-proxying)
2020-09-15 09:57:45.638  INFO 11700 --- [main] trationDelegate$BeanPostProcessorChecker : Bean 'org.springframework.cloud.client.loadbalancer.reactive.LoadBalancerBeanPostProcessorAutoConfiguration$ReactiveLoadBalancerConfig' of type [org.springframework.cloud.client.loadbalancer.reactive.LoadBalancerBeanPostProcessorAutoConfiguration$ReactiveLoadBalancerConfig] is not eligible for getting processed by all BeanPostProcessors (for example: not eligible for auto-proxying)
2020-09-15 09:57:45.648  INFO 11700 --- [main] trationDelegate$BeanPostProcessorChecker : Bean 'deferringLoadBalancerExchangeFilterFunction' of type [org.springframework.cloud.client.loadbalancer.reactive.DeferringLoadBalancerExchangeFilterFunction] is not eligible for getting processed by all BeanPostProcessors (for example: not eligible for auto-proxying)
2020-09-15 09:57:47.739  WARN 11700 --- [main] c.n.c.sources.URLConfigurationSource     : No URLs will be polled as dynamic configuration sources.
2020-09-15 09:57:47.740  INFO 11700 --- [main] c.n.c.sources.URLConfigurationSource     : To enable URLs as dynamic configuration sources, define System property archaius.configurationSource.additionalUrls or make config.properties available on classpath.
2020-09-15 09:57:47.769  WARN 11700 --- [main] c.n.c.sources.URLConfigurationSource     : No URLs will be polled as dynamic configuration sources.
2020-09-15 09:57:47.769  INFO 11700 --- [main] c.n.c.sources.URLConfigurationSource     : To enable URLs as dynamic configuration sources, define System property archaius.configurationSource.additionalUrls or make config.properties available on classpath.
2020-09-15 09:58:01.200  INFO 11700 --- [main] o.s.c.g.r.RouteDefinitionRouteLocator    : Loaded RoutePredicateFactory [After]
2020-09-15 09:58:01.201  INFO 11700 --- [main] o.s.c.g.r.RouteDefinitionRouteLocator    : Loaded RoutePredicateFactory [Before]
2020-09-15 09:58:01.202  INFO 11700 --- [main] o.s.c.g.r.RouteDefinitionRouteLocator    : Loaded RoutePredicateFactory [Between]
2020-09-15 09:58:01.202  INFO 11700 --- [main] o.s.c.g.r.RouteDefinitionRouteLocator    : Loaded RoutePredicateFactory [Cookie]
2020-09-15 09:58:01.202  INFO 11700 --- [main] o.s.c.g.r.RouteDefinitionRouteLocator    : Loaded RoutePredicateFactory [Header]
2020-09-15 09:58:01.203  INFO 11700 --- [main] o.s.c.g.r.RouteDefinitionRouteLocator    : Loaded RoutePredicateFactory [Host]
2020-09-15 09:58:01.203  INFO 11700 --- [main] o.s.c.g.r.RouteDefinitionRouteLocator    : Loaded RoutePredicateFactory [Method]
2020-09-15 09:58:01.204  INFO 11700 --- [main] o.s.c.g.r.RouteDefinitionRouteLocator    : Loaded RoutePredicateFactory [Path]
2020-09-15 09:58:01.206  INFO 11700 --- [main] o.s.c.g.r.RouteDefinitionRouteLocator    : Loaded RoutePredicateFactory [Query]
2020-09-15 09:58:01.206  INFO 11700 --- [main] o.s.c.g.r.RouteDefinitionRouteLocator    : Loaded RoutePredicateFactory [ReadBodyPredicateFactory]
2020-09-15 09:58:01.206  INFO 11700 --- [main] o.s.c.g.r.RouteDefinitionRouteLocator    : Loaded RoutePredicateFactory [RemoteAddr]
2020-09-15 09:58:01.206  INFO 11700 --- [main] o.s.c.g.r.RouteDefinitionRouteLocator    : Loaded RoutePredicateFactory [Weight]
2020-09-15 09:58:01.207  INFO 11700 --- [main] o.s.c.g.r.RouteDefinitionRouteLocator    : Loaded RoutePredicateFactory [CloudFoundryRouteService]
2020-09-15 09:58:04.247  INFO 11700 --- [main] o.s.b.a.e.web.EndpointLinksResolver      : Exposing 20 endpoint(s) beneath base path '/actuator'
2020-09-15 09:58:07.273  WARN 11700 --- [main] ockingLoadBalancerClientRibbonWarnLogger : You already have RibbonLoadBalancerClient on your classpath. It will be used by default. As Spring Cloud Ribbon is in maintenance mode. We recommend switching to BlockingLoadBalancerClient instead. In order to use it, set the value of `spring.cloud.loadbalancer.ribbon.enabled` to `false` or remove spring-cloud-starter-netflix-ribbon from your project.
2020-09-15 09:58:07.381  WARN 11700 --- [main] eactorLoadBalancerClientRibbonWarnLogger : You have RibbonLoadBalancerClient on your classpath. LoadBalancerExchangeFilterFunction that uses it under the hood will be used by default. Spring Cloud Ribbon is now in maintenance mode, so we suggest switching to ReactorLoadBalancerExchangeFilterFunction instead. In order to use it, set the value of `spring.cloud.loadbalancer.ribbon.enabled` to `false` or remove spring-cloud-starter-netflix-ribbon from your project.
2020-09-15 09:58:07.995  INFO 11700 --- [main] o.s.c.n.eureka.InstanceInfoFactory       : Setting initial instance status as: STARTING
2020-09-15 09:58:12.597  INFO 11700 --- [main] com.netflix.discovery.DiscoveryClient    : Initializing Eureka in region us-east-1
2020-09-15 09:58:13.828  INFO 11700 --- [main] c.n.d.provider.DiscoveryJerseyProvider   : Using JSON encoding codec LegacyJacksonJson
2020-09-15 09:58:13.829  INFO 11700 --- [main] c.n.d.provider.DiscoveryJerseyProvider   : Using JSON decoding codec LegacyJacksonJson
2020-09-15 09:58:14.472  INFO 11700 --- [main] c.n.d.provider.DiscoveryJerseyProvider   : Using XML encoding codec XStreamXml
2020-09-15 09:58:14.481  INFO 11700 --- [main] c.n.d.provider.DiscoveryJerseyProvider   : Using XML decoding codec XStreamXml
2020-09-15 09:58:15.311  INFO 11700 --- [main] c.n.d.s.r.aws.ConfigClusterResolver      : Resolving eureka endpoints via configuration
2020-09-15 09:58:15.889  INFO 11700 --- [main] com.netflix.discovery.DiscoveryClient    : Disable delta property : false
2020-09-15 09:58:15.892  INFO 11700 --- [main] com.netflix.discovery.DiscoveryClient    : Single vip registry refresh property : null
2020-09-15 09:58:15.893  INFO 11700 --- [main] com.netflix.discovery.DiscoveryClient    : Force full registry fetch : false
2020-09-15 09:58:15.894  INFO 11700 --- [main] com.netflix.discovery.DiscoveryClient    : Application is null : false
2020-09-15 09:58:15.894  INFO 11700 --- [main] com.netflix.discovery.DiscoveryClient    : Registered Applications size is zero : true
2020-09-15 09:58:15.894  INFO 11700 --- [main] com.netflix.discovery.DiscoveryClient    : Application version is -1: true
2020-09-15 09:58:15.895  INFO 11700 --- [main] com.netflix.discovery.DiscoveryClient    : Getting all instance registry info from the eureka server
2020-09-15 09:58:16.765  INFO 11700 --- [main] com.netflix.discovery.DiscoveryClient    : The response status is 200
2020-09-15 09:58:16.772  INFO 11700 --- [main] com.netflix.discovery.DiscoveryClient    : Starting heartbeat executor: renew interval is: 30
2020-09-15 09:58:16.778  INFO 11700 --- [main] c.n.discovery.InstanceInfoReplicator     : InstanceInfoReplicator onDemand update allowed rate per min is 4
2020-09-15 09:58:16.786  INFO 11700 --- [main] com.netflix.discovery.DiscoveryClient    : Discovery Client initialized at timestamp 1600144096783 with initial instances count: 3
2020-09-15 09:58:16.791  INFO 11700 --- [main] o.s.c.n.e.s.EurekaServiceRegistry        : Registering application GATEWAY-SERVICE with eureka with status UP
2020-09-15 09:58:16.793  INFO 11700 --- [main] com.netflix.discovery.DiscoveryClient    : Saw local status change event StatusChangeEvent [timestamp=1600144096793, current=UP, previous=STARTING]
2020-09-15 09:58:16.801  INFO 11700 --- [DiscoveryClient-InstanceInfoReplicator-0] com.netflix.discovery.DiscoveryClient    : DiscoveryClient_GATEWAY-SERVICE/DESKTOP-MAO44G1:gateway-service:8084: registering service...
2020-09-15 09:58:16.951  INFO 11700 --- [DiscoveryClient-InstanceInfoReplicator-0] com.netflix.discovery.DiscoveryClient    : DiscoveryClient_GATEWAY-SERVICE/DESKTOP-MAO44G1:gateway-service:8084 - registration status: 204
2020-09-15 09:58:20.499  INFO 11700 --- [main] o.s.b.web.embedded.netty.NettyWebServer  : Netty started on port(s): 8084
2020-09-15 09:58:20.501  INFO 11700 --- [main] .s.c.n.e.s.EurekaAutoServiceRegistration : Updating port to 8084
2020-09-15 09:58:21.240  INFO 11700 --- [main] com.APIGateway.ApiGatewayApplication     : Started ApiGatewayApplication in 52.522 seconds (JVM running for 55.609)
2020-09-15 09:59:36.891  INFO 11700 --- [reactor-http-nio-2] c.netflix.config.ChainedDynamicProperty  : Flipping property: department-service.ribbon.ActiveConnectionsLimit to use NEXT property: niws.loadbalancer.availabilityFilteringRule.activeConnectionsLimit = 2147483647
2020-09-15 09:59:37.059  INFO 11700 --- [reactor-http-nio-2] c.n.u.concurrent.ShutdownEnabledTimer    : Shutdown hook installed for: NFLoadBalancer-PingTimer-department-service
2020-09-15 09:59:37.064  INFO 11700 --- [reactor-http-nio-2] c.netflix.loadbalancer.BaseLoadBalancer  : Client: department-service instantiated a LoadBalancer: DynamicServerListLoadBalancer:{NFLoadBalancer:name=department-service,current list of Servers=[],Load balancer stats=Zone stats: {},Server stats: []}ServerList:null
2020-09-15 09:59:37.112  INFO 11700 --- [reactor-http-nio-2] c.n.l.DynamicServerListLoadBalancer      : Using serverListUpdater PollingServerListUpdater
2020-09-15 09:59:37.234  INFO 11700 --- [reactor-http-nio-2] c.netflix.config.ChainedDynamicProperty  : Flipping property: department-service.ribbon.ActiveConnectionsLimit to use NEXT property: niws.loadbalancer.availabilityFilteringRule.activeConnectionsLimit = 2147483647
2020-09-15 09:59:37.238  INFO 11700 --- [reactor-http-nio-2] c.n.l.DynamicServerListLoadBalancer      : DynamicServerListLoadBalancer for client department-service initialized: DynamicServerListLoadBalancer:{NFLoadBalancer:name=department-service,current list of Servers=[DESKTOP-MAO44G1:8081],Load balancer stats=Zone stats: {defaultzone=[Zone:defaultzone;	Instance count:1;	Active connections count: 0;	Circuit breaker tripped count: 0;	Active connections per server: 0.0;]
},Server stats: [[Server:DESKTOP-MAO44G1:8081;	Zone:defaultZone;	Total Requests:0;	Successive connection failure:0;	Total blackout seconds:0;	Last connection made:Thu Jan 01 05:30:00 IST 1970;	First connection made: Thu Jan 01 05:30:00 IST 1970;	Active Connections:0;	total failure count in last (1000) msecs:0;	average resp time:0.0;	90 percentile resp time:0.0;	95 percentile resp time:0.0;	min resp time:0.0;	max resp time:0.0;	stddev resp time:0.0]
]}ServerList:org.springframework.cloud.netflix.ribbon.eureka.DomainExtractingServerList@4ce89734
2020-09-15 09:59:38.157  INFO 11700 --- [PollingServerListUpdater-0] c.netflix.config.ChainedDynamicProperty  : Flipping property: department-service.ribbon.ActiveConnectionsLimit to use NEXT property: niws.loadbalancer.availabilityFilteringRule.activeConnectionsLimit = 2147483647
2020-09-15 10:03:15.916  INFO 11700 --- [AsyncResolver-bootstrap-executor-0] c.n.d.s.r.aws.ConfigClusterResolver      : Resolving eureka endpoints via configuration
2020-09-15 10:08:15.934  INFO 11700 --- [AsyncResolver-bootstrap-executor-0] c.n.d.s.r.aws.ConfigClusterResolver      : Resolving eureka endpoints via configuration
2020-09-15 10:13:15.946  INFO 11700 --- [AsyncResolver-bootstrap-executor-0] c.n.d.s.r.aws.ConfigClusterResolver      : Resolving eureka endpoints via configuration
2020-09-15 10:18:15.995  INFO 11700 --- [AsyncResolver-bootstrap-executor-0] c.n.d.s.r.aws.ConfigClusterResolver      : Resolving eureka endpoints via configuration
2020-09-15 10:23:16.003  INFO 11700 --- [AsyncResolver-bootstrap-executor-0] c.n.d.s.r.aws.ConfigClusterResolver      : Resolving eureka endpoints via configuration
2020-09-15 10:28:16.012  INFO 11700 --- [AsyncResolver-bootstrap-executor-0] c.n.d.s.r.aws.ConfigClusterResolver      : Resolving eureka endpoints via configuration
2020-09-15 10:33:16.027  INFO 11700 --- [AsyncResolver-bootstrap-executor-0] c.n.d.s.r.aws.ConfigClusterResolver      : Resolving eureka endpoints via configuration
2020-09-15 10:38:16.030  INFO 11700 --- [AsyncResolver-bootstrap-executor-0] c.n.d.s.r.aws.ConfigClusterResolver      : Resolving eureka endpoints via configuration
2020-09-15 10:43:16.038  INFO 11700 --- [AsyncResolver-bootstrap-executor-0] c.n.d.s.r.aws.ConfigClusterResolver      : Resolving eureka endpoints via configuration
2020-09-15 11:39:15.530  INFO 10576 --- [main] com.APIGateway.ApiGatewayApplication     : No active profile set, falling back to default profiles: default
2020-09-15 11:39:17.368  WARN 10576 --- [main] o.s.boot.actuate.endpoint.EndpointId     : Endpoint ID 'service-registry' contains invalid characters, please migrate to a valid format.
2020-09-15 11:39:17.397  WARN 10576 --- [main] o.s.boot.actuate.endpoint.EndpointId     : Endpoint ID 'hystrix.stream' contains invalid characters, please migrate to a valid format.
2020-09-15 11:39:17.627  INFO 10576 --- [main] o.s.cloud.context.scope.GenericScope     : BeanFactory id=ce9bdfb3-f090-3ae8-b391-4f986b6c73c5
2020-09-15 11:39:18.149  INFO 10576 --- [main] trationDelegate$BeanPostProcessorChecker : Bean 'org.springframework.cloud.client.loadbalancer.reactive.LoadBalancerBeanPostProcessorAutoConfiguration' of type [org.springframework.cloud.client.loadbalancer.reactive.LoadBalancerBeanPostProcessorAutoConfiguration] is not eligible for getting processed by all BeanPostProcessors (for example: not eligible for auto-proxying)
2020-09-15 11:39:18.153  INFO 10576 --- [main] trationDelegate$BeanPostProcessorChecker : Bean 'org.springframework.cloud.client.loadbalancer.reactive.LoadBalancerBeanPostProcessorAutoConfiguration$ReactiveLoadBalancerConfig' of type [org.springframework.cloud.client.loadbalancer.reactive.LoadBalancerBeanPostProcessorAutoConfiguration$ReactiveLoadBalancerConfig] is not eligible for getting processed by all BeanPostProcessors (for example: not eligible for auto-proxying)
2020-09-15 11:39:18.156  INFO 10576 --- [main] trationDelegate$BeanPostProcessorChecker : Bean 'deferringLoadBalancerExchangeFilterFunction' of type [org.springframework.cloud.client.loadbalancer.reactive.DeferringLoadBalancerExchangeFilterFunction] is not eligible for getting processed by all BeanPostProcessors (for example: not eligible for auto-proxying)
2020-09-15 11:39:18.530  WARN 10576 --- [main] c.n.c.sources.URLConfigurationSource     : No URLs will be polled as dynamic configuration sources.
2020-09-15 11:39:18.531  INFO 10576 --- [main] c.n.c.sources.URLConfigurationSource     : To enable URLs as dynamic configuration sources, define System property archaius.configurationSource.additionalUrls or make config.properties available on classpath.
2020-09-15 11:39:18.541  WARN 10576 --- [main] c.n.c.sources.URLConfigurationSource     : No URLs will be polled as dynamic configuration sources.
2020-09-15 11:39:18.542  INFO 10576 --- [main] c.n.c.sources.URLConfigurationSource     : To enable URLs as dynamic configuration sources, define System property archaius.configurationSource.additionalUrls or make config.properties available on classpath.
2020-09-15 11:39:22.289  INFO 10576 --- [main] o.s.c.g.r.RouteDefinitionRouteLocator    : Loaded RoutePredicateFactory [After]
2020-09-15 11:39:22.290  INFO 10576 --- [main] o.s.c.g.r.RouteDefinitionRouteLocator    : Loaded RoutePredicateFactory [Before]
2020-09-15 11:39:22.291  INFO 10576 --- [main] o.s.c.g.r.RouteDefinitionRouteLocator    : Loaded RoutePredicateFactory [Between]
2020-09-15 11:39:22.292  INFO 10576 --- [main] o.s.c.g.r.RouteDefinitionRouteLocator    : Loaded RoutePredicateFactory [Cookie]
2020-09-15 11:39:22.294  INFO 10576 --- [main] o.s.c.g.r.RouteDefinitionRouteLocator    : Loaded RoutePredicateFactory [Header]
2020-09-15 11:39:22.295  INFO 10576 --- [main] o.s.c.g.r.RouteDefinitionRouteLocator    : Loaded RoutePredicateFactory [Host]
2020-09-15 11:39:22.295  INFO 10576 --- [main] o.s.c.g.r.RouteDefinitionRouteLocator    : Loaded RoutePredicateFactory [Method]
2020-09-15 11:39:22.299  INFO 10576 --- [main] o.s.c.g.r.RouteDefinitionRouteLocator    : Loaded RoutePredicateFactory [Path]
2020-09-15 11:39:22.299  INFO 10576 --- [main] o.s.c.g.r.RouteDefinitionRouteLocator    : Loaded RoutePredicateFactory [Query]
2020-09-15 11:39:22.300  INFO 10576 --- [main] o.s.c.g.r.RouteDefinitionRouteLocator    : Loaded RoutePredicateFactory [ReadBodyPredicateFactory]
2020-09-15 11:39:22.300  INFO 10576 --- [main] o.s.c.g.r.RouteDefinitionRouteLocator    : Loaded RoutePredicateFactory [RemoteAddr]
2020-09-15 11:39:22.300  INFO 10576 --- [main] o.s.c.g.r.RouteDefinitionRouteLocator    : Loaded RoutePredicateFactory [Weight]
2020-09-15 11:39:22.300  INFO 10576 --- [main] o.s.c.g.r.RouteDefinitionRouteLocator    : Loaded RoutePredicateFactory [CloudFoundryRouteService]
2020-09-15 11:39:23.554  INFO 10576 --- [main] o.s.b.a.e.web.EndpointLinksResolver      : Exposing 20 endpoint(s) beneath base path '/actuator'
2020-09-15 11:39:24.495  WARN 10576 --- [main] ockingLoadBalancerClientRibbonWarnLogger : You already have RibbonLoadBalancerClient on your classpath. It will be used by default. As Spring Cloud Ribbon is in maintenance mode. We recommend switching to BlockingLoadBalancerClient instead. In order to use it, set the value of `spring.cloud.loadbalancer.ribbon.enabled` to `false` or remove spring-cloud-starter-netflix-ribbon from your project.
2020-09-15 11:39:24.526  WARN 10576 --- [main] eactorLoadBalancerClientRibbonWarnLogger : You have RibbonLoadBalancerClient on your classpath. LoadBalancerExchangeFilterFunction that uses it under the hood will be used by default. Spring Cloud Ribbon is now in maintenance mode, so we suggest switching to ReactorLoadBalancerExchangeFilterFunction instead. In order to use it, set the value of `spring.cloud.loadbalancer.ribbon.enabled` to `false` or remove spring-cloud-starter-netflix-ribbon from your project.
2020-09-15 11:39:24.641  INFO 10576 --- [main] o.s.c.n.eureka.InstanceInfoFactory       : Setting initial instance status as: STARTING
2020-09-15 11:39:24.811  INFO 10576 --- [main] com.netflix.discovery.DiscoveryClient    : Initializing Eureka in region us-east-1
2020-09-15 11:39:25.788  INFO 10576 --- [main] c.n.d.provider.DiscoveryJerseyProvider   : Using JSON encoding codec LegacyJacksonJson
2020-09-15 11:39:25.789  INFO 10576 --- [main] c.n.d.provider.DiscoveryJerseyProvider   : Using JSON decoding codec LegacyJacksonJson
2020-09-15 11:39:26.443  INFO 10576 --- [main] c.n.d.provider.DiscoveryJerseyProvider   : Using XML encoding codec XStreamXml
2020-09-15 11:39:26.446  INFO 10576 --- [main] c.n.d.provider.DiscoveryJerseyProvider   : Using XML decoding codec XStreamXml
2020-09-15 11:39:27.096  INFO 10576 --- [main] c.n.d.s.r.aws.ConfigClusterResolver      : Resolving eureka endpoints via configuration
2020-09-15 11:39:28.707  INFO 10576 --- [main] com.netflix.discovery.DiscoveryClient    : Disable delta property : false
2020-09-15 11:39:28.708  INFO 10576 --- [main] com.netflix.discovery.DiscoveryClient    : Single vip registry refresh property : null
2020-09-15 11:39:28.708  INFO 10576 --- [main] com.netflix.discovery.DiscoveryClient    : Force full registry fetch : false
2020-09-15 11:39:28.708  INFO 10576 --- [main] com.netflix.discovery.DiscoveryClient    : Application is null : false
2020-09-15 11:39:28.708  INFO 10576 --- [main] com.netflix.discovery.DiscoveryClient    : Registered Applications size is zero : true
2020-09-15 11:39:28.708  INFO 10576 --- [main] com.netflix.discovery.DiscoveryClient    : Application version is -1: true
2020-09-15 11:39:28.709  INFO 10576 --- [main] com.netflix.discovery.DiscoveryClient    : Getting all instance registry info from the eureka server
2020-09-15 11:39:29.369  INFO 10576 --- [main] com.netflix.discovery.DiscoveryClient    : The response status is 200
2020-09-15 11:39:29.386  INFO 10576 --- [main] com.netflix.discovery.DiscoveryClient    : Starting heartbeat executor: renew interval is: 30
2020-09-15 11:39:29.391  INFO 10576 --- [main] c.n.discovery.InstanceInfoReplicator     : InstanceInfoReplicator onDemand update allowed rate per min is 4
2020-09-15 11:39:29.398  INFO 10576 --- [main] com.netflix.discovery.DiscoveryClient    : Discovery Client initialized at timestamp 1600150169395 with initial instances count: 2
2020-09-15 11:39:29.404  INFO 10576 --- [main] o.s.c.n.e.s.EurekaServiceRegistry        : Registering application GATEWAY-SERVICE with eureka with status UP
2020-09-15 11:39:29.406  INFO 10576 --- [main] com.netflix.discovery.DiscoveryClient    : Saw local status change event StatusChangeEvent [timestamp=1600150169406, current=UP, previous=STARTING]
2020-09-15 11:39:29.433  INFO 10576 --- [DiscoveryClient-InstanceInfoReplicator-0] com.netflix.discovery.DiscoveryClient    : DiscoveryClient_GATEWAY-SERVICE/DESKTOP-MAO44G1:gateway-service:8084: registering service...
2020-09-15 11:39:29.563  INFO 10576 --- [DiscoveryClient-InstanceInfoReplicator-0] com.netflix.discovery.DiscoveryClient    : DiscoveryClient_GATEWAY-SERVICE/DESKTOP-MAO44G1:gateway-service:8084 - registration status: 204
2020-09-15 11:39:31.530  INFO 10576 --- [main] o.s.b.web.embedded.netty.NettyWebServer  : Netty started on port(s): 8084
2020-09-15 11:39:31.532  INFO 10576 --- [main] .s.c.n.e.s.EurekaAutoServiceRegistration : Updating port to 8084
2020-09-15 11:39:32.328  INFO 10576 --- [main] com.APIGateway.ApiGatewayApplication     : Started ApiGatewayApplication in 19.991 seconds (JVM running for 24.296)
2020-09-15 11:39:56.210  INFO 10576 --- [reactor-http-nio-2] c.netflix.config.ChainedDynamicProperty  : Flipping property: department-service.ribbon.ActiveConnectionsLimit to use NEXT property: niws.loadbalancer.availabilityFilteringRule.activeConnectionsLimit = 2147483647
2020-09-15 11:39:56.461  INFO 10576 --- [reactor-http-nio-2] c.n.u.concurrent.ShutdownEnabledTimer    : Shutdown hook installed for: NFLoadBalancer-PingTimer-department-service
2020-09-15 11:39:56.462  INFO 10576 --- [reactor-http-nio-2] c.netflix.loadbalancer.BaseLoadBalancer  : Client: department-service instantiated a LoadBalancer: DynamicServerListLoadBalancer:{NFLoadBalancer:name=department-service,current list of Servers=[],Load balancer stats=Zone stats: {},Server stats: []}ServerList:null
2020-09-15 11:39:56.508  INFO 10576 --- [reactor-http-nio-2] c.n.l.DynamicServerListLoadBalancer      : Using serverListUpdater PollingServerListUpdater
2020-09-15 11:39:56.522  INFO 10576 --- [reactor-http-nio-2] c.n.l.DynamicServerListLoadBalancer      : DynamicServerListLoadBalancer for client department-service initialized: DynamicServerListLoadBalancer:{NFLoadBalancer:name=department-service,current list of Servers=[],Load balancer stats=Zone stats: {},Server stats: []}ServerList:org.springframework.cloud.netflix.ribbon.eureka.DomainExtractingServerList@5cf91f95
2020-09-15 11:40:27.708  INFO 10576 --- [PollingServerListUpdater-0] c.netflix.config.ChainedDynamicProperty  : Flipping property: department-service.ribbon.ActiveConnectionsLimit to use NEXT property: niws.loadbalancer.availabilityFilteringRule.activeConnectionsLimit = 2147483647
2020-09-15 11:44:28.826  INFO 10576 --- [AsyncResolver-bootstrap-executor-0] c.n.d.s.r.aws.ConfigClusterResolver      : Resolving eureka endpoints via configuration
2020-09-15 11:49:28.834  INFO 10576 --- [AsyncResolver-bootstrap-executor-0] c.n.d.s.r.aws.ConfigClusterResolver      : Resolving eureka endpoints via configuration
2020-09-15 11:54:28.839  INFO 10576 --- [AsyncResolver-bootstrap-executor-0] c.n.d.s.r.aws.ConfigClusterResolver      : Resolving eureka endpoints via configuration
2020-09-15 12:19:45.789  INFO 9404 --- [main] com.APIGateway.ApiGatewayApplication     : No active profile set, falling back to default profiles: default
2020-09-15 12:19:49.326  WARN 9404 --- [main] o.s.boot.actuate.endpoint.EndpointId     : Endpoint ID 'service-registry' contains invalid characters, please migrate to a valid format.
2020-09-15 12:19:49.734  WARN 9404 --- [main] o.s.boot.actuate.endpoint.EndpointId     : Endpoint ID 'hystrix.stream' contains invalid characters, please migrate to a valid format.
2020-09-15 12:19:50.631  INFO 9404 --- [main] o.s.cloud.context.scope.GenericScope     : BeanFactory id=ce9bdfb3-f090-3ae8-b391-4f986b6c73c5
2020-09-15 12:19:52.232  INFO 9404 --- [main] trationDelegate$BeanPostProcessorChecker : Bean 'org.springframework.cloud.client.loadbalancer.reactive.LoadBalancerBeanPostProcessorAutoConfiguration' of type [org.springframework.cloud.client.loadbalancer.reactive.LoadBalancerBeanPostProcessorAutoConfiguration] is not eligible for getting processed by all BeanPostProcessors (for example: not eligible for auto-proxying)
2020-09-15 12:19:52.237  INFO 9404 --- [main] trationDelegate$BeanPostProcessorChecker : Bean 'org.springframework.cloud.client.loadbalancer.reactive.LoadBalancerBeanPostProcessorAutoConfiguration$ReactiveLoadBalancerConfig' of type [org.springframework.cloud.client.loadbalancer.reactive.LoadBalancerBeanPostProcessorAutoConfiguration$ReactiveLoadBalancerConfig] is not eligible for getting processed by all BeanPostProcessors (for example: not eligible for auto-proxying)
2020-09-15 12:19:52.243  INFO 9404 --- [main] trationDelegate$BeanPostProcessorChecker : Bean 'deferringLoadBalancerExchangeFilterFunction' of type [org.springframework.cloud.client.loadbalancer.reactive.DeferringLoadBalancerExchangeFilterFunction] is not eligible for getting processed by all BeanPostProcessors (for example: not eligible for auto-proxying)
2020-09-15 12:19:52.684  WARN 9404 --- [main] c.n.c.sources.URLConfigurationSource     : No URLs will be polled as dynamic configuration sources.
2020-09-15 12:19:52.685  INFO 9404 --- [main] c.n.c.sources.URLConfigurationSource     : To enable URLs as dynamic configuration sources, define System property archaius.configurationSource.additionalUrls or make config.properties available on classpath.
2020-09-15 12:19:52.698  WARN 9404 --- [main] c.n.c.sources.URLConfigurationSource     : No URLs will be polled as dynamic configuration sources.
2020-09-15 12:19:52.699  INFO 9404 --- [main] c.n.c.sources.URLConfigurationSource     : To enable URLs as dynamic configuration sources, define System property archaius.configurationSource.additionalUrls or make config.properties available on classpath.
2020-09-15 12:19:57.025  INFO 9404 --- [main] o.s.c.g.r.RouteDefinitionRouteLocator    : Loaded RoutePredicateFactory [After]
2020-09-15 12:19:57.026  INFO 9404 --- [main] o.s.c.g.r.RouteDefinitionRouteLocator    : Loaded RoutePredicateFactory [Before]
2020-09-15 12:19:57.026  INFO 9404 --- [main] o.s.c.g.r.RouteDefinitionRouteLocator    : Loaded RoutePredicateFactory [Between]
2020-09-15 12:19:57.026  INFO 9404 --- [main] o.s.c.g.r.RouteDefinitionRouteLocator    : Loaded RoutePredicateFactory [Cookie]
2020-09-15 12:19:57.026  INFO 9404 --- [main] o.s.c.g.r.RouteDefinitionRouteLocator    : Loaded RoutePredicateFactory [Header]
2020-09-15 12:19:57.027  INFO 9404 --- [main] o.s.c.g.r.RouteDefinitionRouteLocator    : Loaded RoutePredicateFactory [Host]
2020-09-15 12:19:57.027  INFO 9404 --- [main] o.s.c.g.r.RouteDefinitionRouteLocator    : Loaded RoutePredicateFactory [Method]
2020-09-15 12:19:57.027  INFO 9404 --- [main] o.s.c.g.r.RouteDefinitionRouteLocator    : Loaded RoutePredicateFactory [Path]
2020-09-15 12:19:57.028  INFO 9404 --- [main] o.s.c.g.r.RouteDefinitionRouteLocator    : Loaded RoutePredicateFactory [Query]
2020-09-15 12:19:57.028  INFO 9404 --- [main] o.s.c.g.r.RouteDefinitionRouteLocator    : Loaded RoutePredicateFactory [ReadBodyPredicateFactory]
2020-09-15 12:19:57.028  INFO 9404 --- [main] o.s.c.g.r.RouteDefinitionRouteLocator    : Loaded RoutePredicateFactory [RemoteAddr]
2020-09-15 12:19:57.029  INFO 9404 --- [main] o.s.c.g.r.RouteDefinitionRouteLocator    : Loaded RoutePredicateFactory [Weight]
2020-09-15 12:19:57.029  INFO 9404 --- [main] o.s.c.g.r.RouteDefinitionRouteLocator    : Loaded RoutePredicateFactory [CloudFoundryRouteService]
2020-09-15 12:20:00.707  INFO 9404 --- [main] o.s.b.a.e.web.EndpointLinksResolver      : Exposing 20 endpoint(s) beneath base path '/actuator'
2020-09-15 12:20:01.759  WARN 9404 --- [main] ockingLoadBalancerClientRibbonWarnLogger : You already have RibbonLoadBalancerClient on your classpath. It will be used by default. As Spring Cloud Ribbon is in maintenance mode. We recommend switching to BlockingLoadBalancerClient instead. In order to use it, set the value of `spring.cloud.loadbalancer.ribbon.enabled` to `false` or remove spring-cloud-starter-netflix-ribbon from your project.
2020-09-15 12:20:01.808  WARN 9404 --- [main] eactorLoadBalancerClientRibbonWarnLogger : You have RibbonLoadBalancerClient on your classpath. LoadBalancerExchangeFilterFunction that uses it under the hood will be used by default. Spring Cloud Ribbon is now in maintenance mode, so we suggest switching to ReactorLoadBalancerExchangeFilterFunction instead. In order to use it, set the value of `spring.cloud.loadbalancer.ribbon.enabled` to `false` or remove spring-cloud-starter-netflix-ribbon from your project.
2020-09-15 12:20:01.996  INFO 9404 --- [main] o.s.c.n.eureka.InstanceInfoFactory       : Setting initial instance status as: STARTING
2020-09-15 12:20:02.234  INFO 9404 --- [main] com.netflix.discovery.DiscoveryClient    : Initializing Eureka in region us-east-1
2020-09-15 12:20:04.010  INFO 9404 --- [main] c.n.d.provider.DiscoveryJerseyProvider   : Using JSON encoding codec LegacyJacksonJson
2020-09-15 12:20:04.010  INFO 9404 --- [main] c.n.d.provider.DiscoveryJerseyProvider   : Using JSON decoding codec LegacyJacksonJson
2020-09-15 12:20:04.716  INFO 9404 --- [main] c.n.d.provider.DiscoveryJerseyProvider   : Using XML encoding codec XStreamXml
2020-09-15 12:20:04.716  INFO 9404 --- [main] c.n.d.provider.DiscoveryJerseyProvider   : Using XML decoding codec XStreamXml
2020-09-15 12:20:05.252  INFO 9404 --- [main] c.n.d.s.r.aws.ConfigClusterResolver      : Resolving eureka endpoints via configuration
2020-09-15 12:20:05.922  INFO 9404 --- [main] com.netflix.discovery.DiscoveryClient    : Disable delta property : false
2020-09-15 12:20:05.923  INFO 9404 --- [main] com.netflix.discovery.DiscoveryClient    : Single vip registry refresh property : null
2020-09-15 12:20:05.924  INFO 9404 --- [main] com.netflix.discovery.DiscoveryClient    : Force full registry fetch : false
2020-09-15 12:20:05.924  INFO 9404 --- [main] com.netflix.discovery.DiscoveryClient    : Application is null : false
2020-09-15 12:20:05.925  INFO 9404 --- [main] com.netflix.discovery.DiscoveryClient    : Registered Applications size is zero : true
2020-09-15 12:20:05.925  INFO 9404 --- [main] com.netflix.discovery.DiscoveryClient    : Application version is -1: true
2020-09-15 12:20:05.925  INFO 9404 --- [main] com.netflix.discovery.DiscoveryClient    : Getting all instance registry info from the eureka server
2020-09-15 12:20:06.940  INFO 9404 --- [main] com.netflix.discovery.DiscoveryClient    : The response status is 200
2020-09-15 12:20:06.951  INFO 9404 --- [main] com.netflix.discovery.DiscoveryClient    : Starting heartbeat executor: renew interval is: 30
2020-09-15 12:20:06.984  INFO 9404 --- [main] c.n.discovery.InstanceInfoReplicator     : InstanceInfoReplicator onDemand update allowed rate per min is 4
2020-09-15 12:20:06.993  INFO 9404 --- [main] com.netflix.discovery.DiscoveryClient    : Discovery Client initialized at timestamp 1600152606990 with initial instances count: 3
2020-09-15 12:20:06.999  INFO 9404 --- [main] o.s.c.n.e.s.EurekaServiceRegistry        : Registering application GATEWAY-SERVICE with eureka with status UP
2020-09-15 12:20:07.002  INFO 9404 --- [main] com.netflix.discovery.DiscoveryClient    : Saw local status change event StatusChangeEvent [timestamp=1600152607002, current=UP, previous=STARTING]
2020-09-15 12:20:07.181  INFO 9404 --- [DiscoveryClient-InstanceInfoReplicator-0] com.netflix.discovery.DiscoveryClient    : DiscoveryClient_GATEWAY-SERVICE/DESKTOP-MAO44G1:gateway-service:8084: registering service...
2020-09-15 12:20:07.800  INFO 9404 --- [DiscoveryClient-InstanceInfoReplicator-0] com.netflix.discovery.DiscoveryClient    : DiscoveryClient_GATEWAY-SERVICE/DESKTOP-MAO44G1:gateway-service:8084 - registration status: 204
2020-09-15 12:20:09.589  INFO 9404 --- [main] o.s.b.web.embedded.netty.NettyWebServer  : Netty started on port(s): 8084
2020-09-15 12:20:09.591  INFO 9404 --- [main] .s.c.n.e.s.EurekaAutoServiceRegistration : Updating port to 8084
2020-09-15 12:20:10.851  INFO 9404 --- [main] com.APIGateway.ApiGatewayApplication     : Started ApiGatewayApplication in 33.058 seconds (JVM running for 37.378)
2020-09-15 12:21:11.887  INFO 9404 --- [reactor-http-nio-2] c.netflix.config.ChainedDynamicProperty  : Flipping property: department-service.ribbon.ActiveConnectionsLimit to use NEXT property: niws.loadbalancer.availabilityFilteringRule.activeConnectionsLimit = 2147483647
2020-09-15 12:21:11.979  INFO 9404 --- [reactor-http-nio-2] c.n.u.concurrent.ShutdownEnabledTimer    : Shutdown hook installed for: NFLoadBalancer-PingTimer-department-service
2020-09-15 12:21:11.980  INFO 9404 --- [reactor-http-nio-2] c.netflix.loadbalancer.BaseLoadBalancer  : Client: department-service instantiated a LoadBalancer: DynamicServerListLoadBalancer:{NFLoadBalancer:name=department-service,current list of Servers=[],Load balancer stats=Zone stats: {},Server stats: []}ServerList:null
2020-09-15 12:21:12.011  INFO 9404 --- [reactor-http-nio-2] c.n.l.DynamicServerListLoadBalancer      : Using serverListUpdater PollingServerListUpdater
2020-09-15 12:21:12.115  INFO 9404 --- [reactor-http-nio-2] c.netflix.config.ChainedDynamicProperty  : Flipping property: department-service.ribbon.ActiveConnectionsLimit to use NEXT property: niws.loadbalancer.availabilityFilteringRule.activeConnectionsLimit = 2147483647
2020-09-15 12:21:12.121  INFO 9404 --- [reactor-http-nio-2] c.n.l.DynamicServerListLoadBalancer      : DynamicServerListLoadBalancer for client department-service initialized: DynamicServerListLoadBalancer:{NFLoadBalancer:name=department-service,current list of Servers=[DESKTOP-MAO44G1:8081],Load balancer stats=Zone stats: {defaultzone=[Zone:defaultzone;	Instance count:1;	Active connections count: 0;	Circuit breaker tripped count: 0;	Active connections per server: 0.0;]
},Server stats: [[Server:DESKTOP-MAO44G1:8081;	Zone:defaultZone;	Total Requests:0;	Successive connection failure:0;	Total blackout seconds:0;	Last connection made:Thu Jan 01 05:30:00 IST 1970;	First connection made: Thu Jan 01 05:30:00 IST 1970;	Active Connections:0;	total failure count in last (1000) msecs:0;	average resp time:0.0;	90 percentile resp time:0.0;	95 percentile resp time:0.0;	min resp time:0.0;	max resp time:0.0;	stddev resp time:0.0]
]}ServerList:org.springframework.cloud.netflix.ribbon.eureka.DomainExtractingServerList@10cf946c
2020-09-15 12:21:13.226  INFO 9404 --- [PollingServerListUpdater-0] c.netflix.config.ChainedDynamicProperty  : Flipping property: department-service.ribbon.ActiveConnectionsLimit to use NEXT property: niws.loadbalancer.availabilityFilteringRule.activeConnectionsLimit = 2147483647
2020-09-15 12:25:05.948  INFO 9404 --- [AsyncResolver-bootstrap-executor-0] c.n.d.s.r.aws.ConfigClusterResolver      : Resolving eureka endpoints via configuration
2020-09-15 12:30:05.960  INFO 9404 --- [AsyncResolver-bootstrap-executor-0] c.n.d.s.r.aws.ConfigClusterResolver      : Resolving eureka endpoints via configuration
2020-09-15 16:40:30.657  INFO 6924 --- [main] com.APIGateway.ApiGatewayApplication     : No active profile set, falling back to default profiles: default
2020-09-15 16:40:48.867  WARN 6924 --- [main] o.s.boot.actuate.endpoint.EndpointId     : Endpoint ID 'service-registry' contains invalid characters, please migrate to a valid format.
2020-09-15 16:40:49.574  WARN 6924 --- [main] o.s.boot.actuate.endpoint.EndpointId     : Endpoint ID 'hystrix.stream' contains invalid characters, please migrate to a valid format.
2020-09-15 16:40:51.391  INFO 6924 --- [main] o.s.cloud.context.scope.GenericScope     : BeanFactory id=ce9bdfb3-f090-3ae8-b391-4f986b6c73c5
2020-09-15 16:40:52.745  INFO 6924 --- [main] trationDelegate$BeanPostProcessorChecker : Bean 'org.springframework.cloud.client.loadbalancer.reactive.LoadBalancerBeanPostProcessorAutoConfiguration' of type [org.springframework.cloud.client.loadbalancer.reactive.LoadBalancerBeanPostProcessorAutoConfiguration] is not eligible for getting processed by all BeanPostProcessors (for example: not eligible for auto-proxying)
2020-09-15 16:40:52.768  INFO 6924 --- [main] trationDelegate$BeanPostProcessorChecker : Bean 'org.springframework.cloud.client.loadbalancer.reactive.LoadBalancerBeanPostProcessorAutoConfiguration$ReactiveLoadBalancerConfig' of type [org.springframework.cloud.client.loadbalancer.reactive.LoadBalancerBeanPostProcessorAutoConfiguration$ReactiveLoadBalancerConfig] is not eligible for getting processed by all BeanPostProcessors (for example: not eligible for auto-proxying)
2020-09-15 16:40:52.778  INFO 6924 --- [main] trationDelegate$BeanPostProcessorChecker : Bean 'deferringLoadBalancerExchangeFilterFunction' of type [org.springframework.cloud.client.loadbalancer.reactive.DeferringLoadBalancerExchangeFilterFunction] is not eligible for getting processed by all BeanPostProcessors (for example: not eligible for auto-proxying)
2020-09-15 16:40:55.896  WARN 6924 --- [main] c.n.c.sources.URLConfigurationSource     : No URLs will be polled as dynamic configuration sources.
2020-09-15 16:40:55.899  INFO 6924 --- [main] c.n.c.sources.URLConfigurationSource     : To enable URLs as dynamic configuration sources, define System property archaius.configurationSource.additionalUrls or make config.properties available on classpath.
2020-09-15 16:40:55.982  WARN 6924 --- [main] c.n.c.sources.URLConfigurationSource     : No URLs will be polled as dynamic configuration sources.
2020-09-15 16:40:55.983  INFO 6924 --- [main] c.n.c.sources.URLConfigurationSource     : To enable URLs as dynamic configuration sources, define System property archaius.configurationSource.additionalUrls or make config.properties available on classpath.
2020-09-15 16:41:24.047  INFO 6924 --- [main] o.s.c.g.r.RouteDefinitionRouteLocator    : Loaded RoutePredicateFactory [After]
2020-09-15 16:41:24.050  INFO 6924 --- [main] o.s.c.g.r.RouteDefinitionRouteLocator    : Loaded RoutePredicateFactory [Before]
2020-09-15 16:41:24.054  INFO 6924 --- [main] o.s.c.g.r.RouteDefinitionRouteLocator    : Loaded RoutePredicateFactory [Between]
2020-09-15 16:41:24.054  INFO 6924 --- [main] o.s.c.g.r.RouteDefinitionRouteLocator    : Loaded RoutePredicateFactory [Cookie]
2020-09-15 16:41:24.054  INFO 6924 --- [main] o.s.c.g.r.RouteDefinitionRouteLocator    : Loaded RoutePredicateFactory [Header]
2020-09-15 16:41:24.056  INFO 6924 --- [main] o.s.c.g.r.RouteDefinitionRouteLocator    : Loaded RoutePredicateFactory [Host]
2020-09-15 16:41:24.067  INFO 6924 --- [main] o.s.c.g.r.RouteDefinitionRouteLocator    : Loaded RoutePredicateFactory [Method]
2020-09-15 16:41:24.068  INFO 6924 --- [main] o.s.c.g.r.RouteDefinitionRouteLocator    : Loaded RoutePredicateFactory [Path]
2020-09-15 16:41:24.069  INFO 6924 --- [main] o.s.c.g.r.RouteDefinitionRouteLocator    : Loaded RoutePredicateFactory [Query]
2020-09-15 16:41:24.070  INFO 6924 --- [main] o.s.c.g.r.RouteDefinitionRouteLocator    : Loaded RoutePredicateFactory [ReadBodyPredicateFactory]
2020-09-15 16:41:24.070  INFO 6924 --- [main] o.s.c.g.r.RouteDefinitionRouteLocator    : Loaded RoutePredicateFactory [RemoteAddr]
2020-09-15 16:41:24.071  INFO 6924 --- [main] o.s.c.g.r.RouteDefinitionRouteLocator    : Loaded RoutePredicateFactory [Weight]
2020-09-15 16:41:24.071  INFO 6924 --- [main] o.s.c.g.r.RouteDefinitionRouteLocator    : Loaded RoutePredicateFactory [CloudFoundryRouteService]
2020-09-15 16:41:27.031  INFO 6924 --- [main] o.s.b.a.e.web.EndpointLinksResolver      : Exposing 20 endpoint(s) beneath base path '/actuator'
2020-09-15 16:41:30.015  WARN 6924 --- [main] ockingLoadBalancerClientRibbonWarnLogger : You already have RibbonLoadBalancerClient on your classpath. It will be used by default. As Spring Cloud Ribbon is in maintenance mode. We recommend switching to BlockingLoadBalancerClient instead. In order to use it, set the value of `spring.cloud.loadbalancer.ribbon.enabled` to `false` or remove spring-cloud-starter-netflix-ribbon from your project.
2020-09-15 16:41:30.054  WARN 6924 --- [main] eactorLoadBalancerClientRibbonWarnLogger : You have RibbonLoadBalancerClient on your classpath. LoadBalancerExchangeFilterFunction that uses it under the hood will be used by default. Spring Cloud Ribbon is now in maintenance mode, so we suggest switching to ReactorLoadBalancerExchangeFilterFunction instead. In order to use it, set the value of `spring.cloud.loadbalancer.ribbon.enabled` to `false` or remove spring-cloud-starter-netflix-ribbon from your project.
2020-09-15 16:41:30.500  INFO 6924 --- [main] o.s.c.n.eureka.InstanceInfoFactory       : Setting initial instance status as: STARTING
2020-09-15 16:41:30.989  INFO 6924 --- [main] com.netflix.discovery.DiscoveryClient    : Initializing Eureka in region us-east-1
2020-09-15 16:41:32.238  INFO 6924 --- [main] c.n.d.provider.DiscoveryJerseyProvider   : Using JSON encoding codec LegacyJacksonJson
2020-09-15 16:41:32.239  INFO 6924 --- [main] c.n.d.provider.DiscoveryJerseyProvider   : Using JSON decoding codec LegacyJacksonJson
2020-09-15 16:41:34.480  INFO 6924 --- [main] c.n.d.provider.DiscoveryJerseyProvider   : Using XML encoding codec XStreamXml
2020-09-15 16:41:34.481  INFO 6924 --- [main] c.n.d.provider.DiscoveryJerseyProvider   : Using XML decoding codec XStreamXml
2020-09-15 16:41:36.406  INFO 6924 --- [main] c.n.d.s.r.aws.ConfigClusterResolver      : Resolving eureka endpoints via configuration
2020-09-15 16:41:39.498  INFO 6924 --- [main] com.netflix.discovery.DiscoveryClient    : Disable delta property : false
2020-09-15 16:41:39.498  INFO 6924 --- [main] com.netflix.discovery.DiscoveryClient    : Single vip registry refresh property : null
2020-09-15 16:41:39.499  INFO 6924 --- [main] com.netflix.discovery.DiscoveryClient    : Force full registry fetch : false
2020-09-15 16:41:39.499  INFO 6924 --- [main] com.netflix.discovery.DiscoveryClient    : Application is null : false
2020-09-15 16:41:39.500  INFO 6924 --- [main] com.netflix.discovery.DiscoveryClient    : Registered Applications size is zero : true
2020-09-15 16:41:39.500  INFO 6924 --- [main] com.netflix.discovery.DiscoveryClient    : Application version is -1: true
2020-09-15 16:41:39.500  INFO 6924 --- [main] com.netflix.discovery.DiscoveryClient    : Getting all instance registry info from the eureka server
2020-09-15 16:41:40.356  INFO 6924 --- [main] com.netflix.discovery.DiscoveryClient    : The response status is 200
2020-09-15 16:41:40.361  INFO 6924 --- [main] com.netflix.discovery.DiscoveryClient    : Starting heartbeat executor: renew interval is: 30
2020-09-15 16:41:40.370  INFO 6924 --- [main] c.n.discovery.InstanceInfoReplicator     : InstanceInfoReplicator onDemand update allowed rate per min is 4
2020-09-15 16:41:40.381  INFO 6924 --- [main] com.netflix.discovery.DiscoveryClient    : Discovery Client initialized at timestamp 1600168300378 with initial instances count: 3
2020-09-15 16:41:40.390  INFO 6924 --- [main] o.s.c.n.e.s.EurekaServiceRegistry        : Registering application GATEWAY-SERVICE with eureka with status UP
2020-09-15 16:41:40.392  INFO 6924 --- [main] com.netflix.discovery.DiscoveryClient    : Saw local status change event StatusChangeEvent [timestamp=1600168300392, current=UP, previous=STARTING]
2020-09-15 16:41:40.397  INFO 6924 --- [DiscoveryClient-InstanceInfoReplicator-0] com.netflix.discovery.DiscoveryClient    : DiscoveryClient_GATEWAY-SERVICE/DESKTOP-MAO44G1:gateway-service:8084: registering service...
2020-09-15 16:41:40.529  INFO 6924 --- [DiscoveryClient-InstanceInfoReplicator-0] com.netflix.discovery.DiscoveryClient    : DiscoveryClient_GATEWAY-SERVICE/DESKTOP-MAO44G1:gateway-service:8084 - registration status: 204
2020-09-15 16:41:42.873  INFO 6924 --- [main] o.s.b.web.embedded.netty.NettyWebServer  : Netty started on port(s): 8084
2020-09-15 16:41:42.875  INFO 6924 --- [main] .s.c.n.e.s.EurekaAutoServiceRegistration : Updating port to 8084
2020-09-15 16:41:45.259  INFO 6924 --- [main] com.APIGateway.ApiGatewayApplication     : Started ApiGatewayApplication in 98.096 seconds (JVM running for 100.911)
2020-09-15 16:42:19.214  INFO 6924 --- [reactor-http-nio-2] c.netflix.config.ChainedDynamicProperty  : Flipping property: department-service.ribbon.ActiveConnectionsLimit to use NEXT property: niws.loadbalancer.availabilityFilteringRule.activeConnectionsLimit = 2147483647
2020-09-15 16:42:19.405  INFO 6924 --- [reactor-http-nio-2] c.n.u.concurrent.ShutdownEnabledTimer    : Shutdown hook installed for: NFLoadBalancer-PingTimer-department-service
2020-09-15 16:42:19.406  INFO 6924 --- [reactor-http-nio-2] c.netflix.loadbalancer.BaseLoadBalancer  : Client: department-service instantiated a LoadBalancer: DynamicServerListLoadBalancer:{NFLoadBalancer:name=department-service,current list of Servers=[],Load balancer stats=Zone stats: {},Server stats: []}ServerList:null
2020-09-15 16:42:19.445  INFO 6924 --- [reactor-http-nio-2] c.n.l.DynamicServerListLoadBalancer      : Using serverListUpdater PollingServerListUpdater
2020-09-15 16:42:19.605  INFO 6924 --- [reactor-http-nio-2] c.netflix.config.ChainedDynamicProperty  : Flipping property: department-service.ribbon.ActiveConnectionsLimit to use NEXT property: niws.loadbalancer.availabilityFilteringRule.activeConnectionsLimit = 2147483647
2020-09-15 16:42:19.610  INFO 6924 --- [reactor-http-nio-2] c.n.l.DynamicServerListLoadBalancer      : DynamicServerListLoadBalancer for client department-service initialized: DynamicServerListLoadBalancer:{NFLoadBalancer:name=department-service,current list of Servers=[DESKTOP-MAO44G1:8081],Load balancer stats=Zone stats: {defaultzone=[Zone:defaultzone;	Instance count:1;	Active connections count: 0;	Circuit breaker tripped count: 0;	Active connections per server: 0.0;]
},Server stats: [[Server:DESKTOP-MAO44G1:8081;	Zone:defaultZone;	Total Requests:0;	Successive connection failure:0;	Total blackout seconds:0;	Last connection made:Thu Jan 01 05:30:00 IST 1970;	First connection made: Thu Jan 01 05:30:00 IST 1970;	Active Connections:0;	total failure count in last (1000) msecs:0;	average resp time:0.0;	90 percentile resp time:0.0;	95 percentile resp time:0.0;	min resp time:0.0;	max resp time:0.0;	stddev resp time:0.0]
]}ServerList:org.springframework.cloud.netflix.ribbon.eureka.DomainExtractingServerList@743579b1
2020-09-15 16:42:20.457  INFO 6924 --- [PollingServerListUpdater-0] c.netflix.config.ChainedDynamicProperty  : Flipping property: department-service.ribbon.ActiveConnectionsLimit to use NEXT property: niws.loadbalancer.availabilityFilteringRule.activeConnectionsLimit = 2147483647
2020-09-15 16:46:39.527  INFO 6924 --- [AsyncResolver-bootstrap-executor-0] c.n.d.s.r.aws.ConfigClusterResolver      : Resolving eureka endpoints via configuration
2020-09-15 16:51:39.570  INFO 6924 --- [AsyncResolver-bootstrap-executor-0] c.n.d.s.r.aws.ConfigClusterResolver      : Resolving eureka endpoints via configuration
2020-09-15 16:56:39.647  INFO 6924 --- [AsyncResolver-bootstrap-executor-0] c.n.d.s.r.aws.ConfigClusterResolver      : Resolving eureka endpoints via configuration
2020-09-15 17:01:39.664  INFO 6924 --- [AsyncResolver-bootstrap-executor-0] c.n.d.s.r.aws.ConfigClusterResolver      : Resolving eureka endpoints via configuration
2020-09-15 17:06:39.670  INFO 6924 --- [AsyncResolver-bootstrap-executor-0] c.n.d.s.r.aws.ConfigClusterResolver      : Resolving eureka endpoints via configuration
2020-09-15 17:11:39.688  INFO 6924 --- [AsyncResolver-bootstrap-executor-0] c.n.d.s.r.aws.ConfigClusterResolver      : Resolving eureka endpoints via configuration
2020-09-15 17:16:39.692  INFO 6924 --- [AsyncResolver-bootstrap-executor-0] c.n.d.s.r.aws.ConfigClusterResolver      : Resolving eureka endpoints via configuration
2020-09-15 17:21:56.773  INFO 6924 --- [AsyncResolver-bootstrap-executor-0] c.n.d.s.r.aws.ConfigClusterResolver      : Resolving eureka endpoints via configuration
2020-09-15 17:26:56.804  INFO 6924 --- [AsyncResolver-bootstrap-executor-0] c.n.d.s.r.aws.ConfigClusterResolver      : Resolving eureka endpoints via configuration
2020-09-15 17:31:56.923  INFO 6924 --- [AsyncResolver-bootstrap-executor-0] c.n.d.s.r.aws.ConfigClusterResolver      : Resolving eureka endpoints via configuration
2020-09-15 17:36:56.932  INFO 6924 --- [AsyncResolver-bootstrap-executor-0] c.n.d.s.r.aws.ConfigClusterResolver      : Resolving eureka endpoints via configuration
2020-09-15 17:41:56.942  INFO 6924 --- [AsyncResolver-bootstrap-executor-0] c.n.d.s.r.aws.ConfigClusterResolver      : Resolving eureka endpoints via configuration
2020-09-15 17:46:56.962  INFO 6924 --- [AsyncResolver-bootstrap-executor-0] c.n.d.s.r.aws.ConfigClusterResolver      : Resolving eureka endpoints via configuration
2020-09-15 17:51:56.982  INFO 6924 --- [AsyncResolver-bootstrap-executor-0] c.n.d.s.r.aws.ConfigClusterResolver      : Resolving eureka endpoints via configuration
2020-09-15 17:56:56.999  INFO 6924 --- [AsyncResolver-bootstrap-executor-0] c.n.d.s.r.aws.ConfigClusterResolver      : Resolving eureka endpoints via configuration
2020-09-15 18:01:57.016  INFO 6924 --- [AsyncResolver-bootstrap-executor-0] c.n.d.s.r.aws.ConfigClusterResolver      : Resolving eureka endpoints via configuration
2020-09-15 18:06:57.022  INFO 6924 --- [AsyncResolver-bootstrap-executor-0] c.n.d.s.r.aws.ConfigClusterResolver      : Resolving eureka endpoints via configuration
2020-09-15 18:11:57.030  INFO 6924 --- [AsyncResolver-bootstrap-executor-0] c.n.d.s.r.aws.ConfigClusterResolver      : Resolving eureka endpoints via configuration
2020-09-15 18:16:57.051  INFO 6924 --- [AsyncResolver-bootstrap-executor-0] c.n.d.s.r.aws.ConfigClusterResolver      : Resolving eureka endpoints via configuration
2020-09-15 18:21:57.070  INFO 6924 --- [AsyncResolver-bootstrap-executor-0] c.n.d.s.r.aws.ConfigClusterResolver      : Resolving eureka endpoints via configuration
2020-09-15 18:26:57.084  INFO 6924 --- [AsyncResolver-bootstrap-executor-0] c.n.d.s.r.aws.ConfigClusterResolver      : Resolving eureka endpoints via configuration
2020-09-15 18:31:57.109  INFO 6924 --- [AsyncResolver-bootstrap-executor-0] c.n.d.s.r.aws.ConfigClusterResolver      : Resolving eureka endpoints via configuration
2020-09-15 18:36:57.149  INFO 6924 --- [AsyncResolver-bootstrap-executor-0] c.n.d.s.r.aws.ConfigClusterResolver      : Resolving eureka endpoints via configuration
2020-09-15 18:41:57.154  INFO 6924 --- [AsyncResolver-bootstrap-executor-0] c.n.d.s.r.aws.ConfigClusterResolver      : Resolving eureka endpoints via configuration
2020-09-15 18:46:57.190  INFO 6924 --- [AsyncResolver-bootstrap-executor-0] c.n.d.s.r.aws.ConfigClusterResolver      : Resolving eureka endpoints via configuration
2020-09-15 18:51:57.233  INFO 6924 --- [AsyncResolver-bootstrap-executor-0] c.n.d.s.r.aws.ConfigClusterResolver      : Resolving eureka endpoints via configuration
2020-09-15 18:56:57.260  INFO 6924 --- [AsyncResolver-bootstrap-executor-0] c.n.d.s.r.aws.ConfigClusterResolver      : Resolving eureka endpoints via configuration
2020-09-15 19:01:57.289  INFO 6924 --- [AsyncResolver-bootstrap-executor-0] c.n.d.s.r.aws.ConfigClusterResolver      : Resolving eureka endpoints via configuration
2020-09-15 19:06:57.317  INFO 6924 --- [AsyncResolver-bootstrap-executor-0] c.n.d.s.r.aws.ConfigClusterResolver      : Resolving eureka endpoints via configuration
2020-09-15 19:11:57.330  INFO 6924 --- [AsyncResolver-bootstrap-executor-0] c.n.d.s.r.aws.ConfigClusterResolver      : Resolving eureka endpoints via configuration
2020-09-15 19:16:57.382  INFO 6924 --- [AsyncResolver-bootstrap-executor-0] c.n.d.s.r.aws.ConfigClusterResolver      : Resolving eureka endpoints via configuration
2020-09-15 19:21:57.408  INFO 6924 --- [AsyncResolver-bootstrap-executor-0] c.n.d.s.r.aws.ConfigClusterResolver      : Resolving eureka endpoints via configuration
2020-09-15 19:26:57.429  INFO 6924 --- [AsyncResolver-bootstrap-executor-0] c.n.d.s.r.aws.ConfigClusterResolver      : Resolving eureka endpoints via configuration
2020-09-15 19:31:57.460  INFO 6924 --- [AsyncResolver-bootstrap-executor-0] c.n.d.s.r.aws.ConfigClusterResolver      : Resolving eureka endpoints via configuration
2020-09-15 19:36:57.511  INFO 6924 --- [AsyncResolver-bootstrap-executor-0] c.n.d.s.r.aws.ConfigClusterResolver      : Resolving eureka endpoints via configuration
2020-09-15 19:41:57.538  INFO 6924 --- [AsyncResolver-bootstrap-executor-0] c.n.d.s.r.aws.ConfigClusterResolver      : Resolving eureka endpoints via configuration
2020-09-15 19:46:57.558  INFO 6924 --- [AsyncResolver-bootstrap-executor-0] c.n.d.s.r.aws.ConfigClusterResolver      : Resolving eureka endpoints via configuration
2020-09-15 19:51:57.574  INFO 6924 --- [AsyncResolver-bootstrap-executor-0] c.n.d.s.r.aws.ConfigClusterResolver      : Resolving eureka endpoints via configuration
2020-09-15 19:56:57.601  INFO 6924 --- [AsyncResolver-bootstrap-executor-0] c.n.d.s.r.aws.ConfigClusterResolver      : Resolving eureka endpoints via configuration
2020-09-15 20:01:57.665  INFO 6924 --- [AsyncResolver-bootstrap-executor-0] c.n.d.s.r.aws.ConfigClusterResolver      : Resolving eureka endpoints via configuration
2020-09-15 20:06:57.686  INFO 6924 --- [AsyncResolver-bootstrap-executor-0] c.n.d.s.r.aws.ConfigClusterResolver      : Resolving eureka endpoints via configuration
2020-09-15 20:11:57.718  INFO 6924 --- [AsyncResolver-bootstrap-executor-0] c.n.d.s.r.aws.ConfigClusterResolver      : Resolving eureka endpoints via configuration
2020-09-15 20:16:57.753  INFO 6924 --- [AsyncResolver-bootstrap-executor-0] c.n.d.s.r.aws.ConfigClusterResolver      : Resolving eureka endpoints via configuration
2020-09-15 20:21:57.789  INFO 6924 --- [AsyncResolver-bootstrap-executor-0] c.n.d.s.r.aws.ConfigClusterResolver      : Resolving eureka endpoints via configuration
